c:\users\17145\documents\visual studio 2017\projects\calendar\release\calendar.ipdb
c:\users\17145\documents\visual studio 2017\projects\calendar\release\calendar.iobj
c:\users\17145\documents\visual studio 2017\projects\calendar\calendar\release\calendar.pch
c:\users\17145\documents\visual studio 2017\projects\calendar\calendar\release\vc141.pdb
c:\users\17145\documents\visual studio 2017\projects\calendar\calendar\release\stdafx.obj
c:\users\17145\documents\visual studio 2017\projects\calendar\calendar\release\calendarfrm.obj
c:\users\17145\documents\visual studio 2017\projects\calendar\calendar\release\calendardlg.obj
c:\users\17145\documents\visual studio 2017\projects\calendar\calendar\release\calendar1.obj
c:\users\17145\documents\visual studio 2017\projects\calendar\calendar\release\calendar.obj
c:\users\17145\documents\visual studio 2017\projects\calendar\release\calendar.exe
c:\users\17145\documents\visual studio 2017\projects\calendar\release\calendar.pdb
c:\users\17145\documents\visual studio 2017\projects\calendar\calendar\release\calendar.res
c:\users\17145\documents\visual studio 2017\projects\calendar\calendar\release\calendar.tlog\calendar.write.1u.tlog
c:\users\17145\documents\visual studio 2017\projects\calendar\calendar\release\calendar.tlog\cl.command.1.tlog
c:\users\17145\documents\visual studio 2017\projects\calendar\calendar\release\calendar.tlog\cl.read.1.tlog
c:\users\17145\documents\visual studio 2017\projects\calendar\calendar\release\calendar.tlog\cl.write.1.tlog
c:\users\17145\documents\visual studio 2017\projects\calendar\calendar\release\calendar.tlog\link.command.1.tlog
c:\users\17145\documents\visual studio 2017\projects\calendar\calendar\release\calendar.tlog\link.read.1.tlog
c:\users\17145\documents\visual studio 2017\projects\calendar\calendar\release\calendar.tlog\link.write.1.tlog
c:\users\17145\documents\visual studio 2017\projects\calendar\calendar\release\calendar.tlog\rc.command.1.tlog
c:\users\17145\documents\visual studio 2017\projects\calendar\calendar\release\calendar.tlog\rc.read.1.tlog
c:\users\17145\documents\visual studio 2017\projects\calendar\calendar\release\calendar.tlog\rc.write.1.tlog
